[00:00:13] [ENGINE - KINECT_0]	 recognizer_SpeechHypothesized SARAH => 0,001
[00:00:22] [ENGINE - KINECT_0]	 recognizer_SpeechHypothesized SARAH => 0,001
[00:00:30] [ENGINE - KINECT_0]	 recognizer_SpeechHypothesized SARAH => 0,395853
[00:01:04] [ENGINE - KINECT_0]	 recognizer_SpeechHypothesized SARAH => 0,4641503
[00:01:08] [ENGINE - KINECT_0]	 recognizer_SpeechHypothesized SARAH => 0,6553563
[00:01:10] [ENGINE - KINECT_0]	 recognizer_SpeechHypothesized SARAH => 0,2364719
[00:01:21] [ENGINE - KINECT_0]	 recognizer_SpeechHypothesized SARAH => 0,2013605
[00:01:27] [ENGINE - KINECT_0]	 recognizer_SpeechHypothesized SARAH => 0,7371891
[00:01:28] [ENGINE - KINECT_0]	 recognizer_SpeechHypothesized SARAH je veux => 0,5335833
[00:01:29] [ENGINE - KINECT_0]	 recognizer_SpeechHypothesized SARAH je veux la => 0,5447616
[00:01:29] [ENGINE - KINECT_0]	 recognizer_SpeechHypothesized SARAH je veux => 0,4972627
[00:01:31] [ENGINE - KINECT_0]	 recognizer_SpeechHypothesized SARAH => 0,08791626
[00:01:31] [ENGINE - KINECT_0]	 recognizer_SpeechHypothesized SARAH il => 0,3164056
[00:01:33] [ENGINE - KINECT_0]	 recognizer_SpeechHypothesized SARAH => 0,001
[00:01:40] [ENGINE - KINECT_0]	 recognizer_SpeechHypothesized SARAH => 0,25914
[00:01:41] [ENGINE - KINECT_0]	 recognizer_SpeechHypothesized SARAH je veux => 0,3844631
[00:01:47] [ENGINE - KINECT_0]	 recognizer_SpeechHypothesized SARAH => 0,208774
[00:01:52] [ENGINE - KINECT_0]	 recognizer_SpeechHypothesized SARAH => 0,5665103
[00:01:53] [ENGINE - KINECT_0]	 recognizer_SpeechHypothesized SARAH => 0,7690412
[00:01:59] [ENGINE - KINECT_0]	 recognizer_SpeechHypothesized SARAH je veux la => 0,5777352
[00:02:00] [ENGINE - KINECT_0]	 recognizer_SpeechHypothesized SARAH je veux la => 0,5707711
[00:02:00] [ENGINE - KINECT_0]	 recognizer_SpeechHypothesized SARAH il => 0,5852579
[00:02:01] [ENGINE - KINECT_0]	 recognizer_SpeechHypothesized SARAH il est => 0,6477755
[00:02:01] [ENGINE - KINECT_0]	 recognizer_SpeechHypothesized SARAH il => 0,5852579
[00:02:09] [ENGINE - KINECT_0]	 recognizer_SpeechHypothesized SARAH => 0,2580277
[00:02:10] [ENGINE - KINECT_0]	 recognizer_SpeechHypothesized SARAH je => 0,4110615
[00:02:10] [ENGINE - KINECT_0]	 recognizer_SpeechHypothesized SARAH il est => 0,3455509
[00:02:14] [ENGINE - KINECT_0]	 recognizer_SpeechHypothesized SARAH => 0,001
[00:02:14] [ENGINE - KINECT_0]	 recognizer_SpeechHypothesized SARAH je => 0,2966418
[00:02:15] [ENGINE - KINECT_0]	 recognizer_SpeechHypothesized SARAH Affiche => 0,4175424
[00:02:16] [ENGINE - KINECT_0]	 recognizer_SpeechHypothesized SARAH => 0,001
[00:02:17] [ENGINE - KINECT_0]	 recognizer_SpeechHypothesized SARAH je => 0,1644169
[00:02:19] [ENGINE - KINECT_0]	 recognizer_SpeechHypothesized SARAH je veux => 0,4435715
[00:02:20] [ENGINE - KINECT_0]	 recognizer_SpeechHypothesized SARAH je veux la => 0,4515965
[00:02:22] [ENGINE - KINECT_0]	 recognizer_SpeechHypothesized SARAH => 0,6699269
[00:02:28] [ENGINE - KINECT_0]	 recognizer_SpeechHypothesized SARAH => 0,6246351
[00:02:31] [ENGINE - KINECT_0]	 recognizer_SpeechHypothesized SARAH je => 0,4603025
[00:02:32] [ENGINE - KINECT_0]	 recognizer_SpeechHypothesized SARAH je veux => 0,426017
[00:02:32] [ENGINE - KINECT_0]	 recognizer_SpeechHypothesized SARAH je veux la => 0,5303693
[00:02:33] [ENGINE - KINECT_0]	 recognizer_SpeechHypothesized SARAH je => 0,2055244
[00:02:34] [ENGINE - KINECT_0]	 recognizer_SpeechHypothesized SARAH je veux => 0,457612
[00:02:35] [ENGINE - KINECT_0]	 recognizer_SpeechHypothesized SARAH => 0,001
[00:02:37] [ENGINE - KINECT_0]	 recognizer_SpeechHypothesized SARAH je => 0,2405496
[00:02:38] [ENGINE - KINECT_0]	 recognizer_SpeechHypothesized SARAH est-ce => 0,2010702
[00:02:39] [ENGINE - KINECT_0]	 recognizer_SpeechHypothesized SARAH Affiche => 0,1585984
[00:02:40] [ENGINE - KINECT_0]	 recognizer_SpeechHypothesized SARAH Affiche moi la => 0,3343332
[00:02:45] [ENGINE - KINECT_0]	 recognizer_SpeechHypothesized SARAH je => 0,3761651
[00:02:45] [ENGINE - KINECT_0]	 recognizer_SpeechHypothesized SARAH je veux => 0,5648142
[00:02:49] [ENGINE - KINECT_0]	 recognizer_SpeechHypothesized SARAH est-ce qu'il => 0,1998475
[00:02:49] [ENGINE - KINECT_0]	 recognizer_SpeechHypothesized SARAH quelle heure est => 0,1062517
[00:02:49] [ENGINE - KINECT_0]	 recognizer_SpeechHypothesized SARAH recherche ... => 0,001
